<?xml version="1.0" encoding="UTF-8"?>
<testng-results ignored="0" total="2" passed="2" failed="0" skipped="0">
  <reporter-output>
  </reporter-output>
  <suite started-at="2022-09-16T03:20:15 IST" name="Suite" finished-at="2022-09-16T03:20:56 IST" duration-ms="40153">
    <groups>
    </groups>
    <test started-at="2022-09-16T03:20:15 IST" name="Test" finished-at="2022-09-16T03:20:56 IST" duration-ms="40153">
      <class name="com.qa.testLayer.LoginPageTest">
        <test-method is-config="true" signature="setup()[pri:0, instance:com.qa.testLayer.LoginPageTest@694abbdc]" started-at="2022-09-16T03:20:16 IST" name="setup" finished-at="2022-09-16T03:20:30 IST" duration-ms="13682" status="PASS">
          <reporter-output>
          </reporter-output>
        </test-method> <!-- setup -->
        <test-method signature="loginTest(java.lang.String,java.lang.String)[pri:0, instance:com.qa.testLayer.LoginPageTest@694abbdc]" started-at="2022-09-16T03:20:30 IST" name="loginTest" data-provider="login" finished-at="2022-09-16T03:20:30 IST" duration-ms="337" status="PASS">
          <params>
            <param index="0">
              <value>
                <![CDATA[sameer595]]>
              </value>
            </param>
            <param index="1">
              <value>
                <![CDATA[swami@123]]>
              </value>
            </param>
          </params>
          <reporter-output>
          </reporter-output>
        </test-method> <!-- loginTest -->
        <test-method is-config="true" signature="teardown()[pri:0, instance:com.qa.testLayer.LoginPageTest@694abbdc]" started-at="2022-09-16T03:20:30 IST" name="teardown" finished-at="2022-09-16T03:20:37 IST" duration-ms="7274" status="PASS">
          <reporter-output>
          </reporter-output>
        </test-method> <!-- teardown -->
        <test-method is-config="true" signature="setup()[pri:0, instance:com.qa.testLayer.LoginPageTest@694abbdc]" started-at="2022-09-16T03:20:37 IST" name="setup" finished-at="2022-09-16T03:20:48 IST" duration-ms="10640" status="PASS">
          <reporter-output>
          </reporter-output>
        </test-method> <!-- setup -->
        <test-method signature="loginTest(java.lang.String,java.lang.String)[pri:0, instance:com.qa.testLayer.LoginPageTest@694abbdc]" started-at="2022-09-16T03:20:48 IST" name="loginTest" data-provider="login" finished-at="2022-09-16T03:20:48 IST" duration-ms="254" status="PASS">
          <params>
            <param index="0">
              <value>
                <![CDATA[Kadlagr@gmail.com]]>
              </value>
            </param>
            <param index="1">
              <value>
                <![CDATA[Rahul@123]]>
              </value>
            </param>
          </params>
          <reporter-output>
          </reporter-output>
        </test-method> <!-- loginTest -->
        <test-method is-config="true" signature="teardown()[pri:0, instance:com.qa.testLayer.LoginPageTest@694abbdc]" started-at="2022-09-16T03:20:48 IST" name="teardown" finished-at="2022-09-16T03:20:56 IST" duration-ms="7370" status="PASS">
          <reporter-output>
          </reporter-output>
        </test-method> <!-- teardown -->
      </class> <!-- com.qa.testLayer.LoginPageTest -->
    </test> <!-- Test -->
  </suite> <!-- Suite -->
</testng-results>
